<?xml version="1.0" encoding="UTF-8"?>
<testsuite name="com.dnsoft.springinaction.springcore.AppTest" tests="1" skipped="0" failures="0" errors="0" timestamp="2017-09-27T12:27:58" hostname="dongningdeMacBook-Pro.local" time="0.007">
  <properties/>
  <testcase name="runTest" classname="com.dnsoft.springinaction.springcore.AppTest" time="0.007"/>
  <system-out><![CDATA[]]></system-out>
  <system-err><![CDATA[]]></system-err>
</testsuite>
