<?xml version="1.0" encoding="UTF-8"?>
<testsuite name="soundsystem.CDPlayerTest" tests="2" skipped="0" failures="0" errors="0" timestamp="2017-09-25T12:34:47" hostname="dongningdeMacBook-Pro.local" time="0.011">
  <properties/>
  <testcase name="play" classname="soundsystem.CDPlayerTest" time="0.006"/>
  <testcase name="cdShouldNotBeNull" classname="soundsystem.CDPlayerTest" time="0.002"/>
  <system-out><![CDATA[Playing Sgt. Pepper's Lonely Hearts Club Band by The Beatles
]]></system-out>
  <system-err><![CDATA[九月 25, 2017 8:34:46 下午 org.springframework.test.context.support.DefaultTestContextBootstrapper getDefaultTestExecutionListenerClassNames
信息: Loaded default TestExecutionListener class names from location [META-INF/spring.factories]: [org.springframework.test.context.web.ServletTestExecutionListener, org.springframework.test.context.support.DirtiesContextBeforeModesTestExecutionListener, org.springframework.test.context.support.DependencyInjectionTestExecutionListener, org.springframework.test.context.support.DirtiesContextTestExecutionListener, org.springframework.test.context.transaction.TransactionalTestExecutionListener, org.springframework.test.context.jdbc.SqlScriptsTestExecutionListener]
九月 25, 2017 8:34:46 下午 org.springframework.test.context.support.DefaultTestContextBootstrapper instantiateListeners
信息: Could not instantiate TestExecutionListener [org.springframework.test.context.web.ServletTestExecutionListener]. Specify custom listener classes or make the default listener classes (and their required dependencies) available. Offending class: [javax/servlet/ServletContext]
九月 25, 2017 8:34:46 下午 org.springframework.test.context.support.DefaultTestContextBootstrapper instantiateListeners
信息: Could not instantiate TestExecutionListener [org.springframework.test.context.jdbc.SqlScriptsTestExecutionListener]. Specify custom listener classes or make the default listener classes (and their required dependencies) available. Offending class: [org/springframework/transaction/interceptor/TransactionAttribute]
九月 25, 2017 8:34:46 下午 org.springframework.test.context.support.DefaultTestContextBootstrapper instantiateListeners
信息: Could not instantiate TestExecutionListener [org.springframework.test.context.transaction.TransactionalTestExecutionListener]. Specify custom listener classes or make the default listener classes (and their required dependencies) available. Offending class: [org/springframework/transaction/interceptor/TransactionAttributeSource]
九月 25, 2017 8:34:46 下午 org.springframework.test.context.support.DefaultTestContextBootstrapper getTestExecutionListeners
信息: Using TestExecutionListeners: [org.springframework.test.context.support.DirtiesContextBeforeModesTestExecutionListener@2119bdf, org.springframework.test.context.support.DependencyInjectionTestExecutionListener@e2a02d5, org.springframework.test.context.support.DirtiesContextTestExecutionListener@5960a8ad]
九月 25, 2017 8:34:47 下午 org.springframework.context.support.GenericApplicationContext prepareRefresh
信息: Refreshing org.springframework.context.support.GenericApplicationContext@720dad58: startup date [Mon Sep 25 20:34:47 CST 2017]; root of context hierarchy
]]></system-err>
</testsuite>
