<?xml version="1.0" encoding="UTF-8"?>
<testsuite name="com.dnsoft.springinaction.springcore.AppTest" tests="1" skipped="0" failures="0" errors="0" timestamp="2017-10-08T09:51:26" hostname="localhost" time="0.0">
  <properties/>
  <testcase name="runTest" classname="com.dnsoft.springinaction.springcore.AppTest" time="0.0"/>
  <system-out><![CDATA[]]></system-out>
  <system-err><![CDATA[]]></system-err>
</testsuite>
